Agent Group Id: 025000000000002
Agent Group Name: Informatica Cloud Hosted Agent
Agent Id: 008000000000040
Task Name: CarMinPrice_Sadia
Task Type: MTT_TEST
Task Id: 0129I30Z000000000004
Run Id: 1
Service Id: 1125140
Started By: mdsadia1997@gmail.com
Run Context Type: ICS_UI
09/13/2023 00:29:42 **** Importing Connection: Conn_0129I30B000000000003 ...
09/13/2023 00:29:42 **** Importing Source Definition: Cars ...
09/13/2023 00:29:42 **** Importing Target Definition: minCarPrice_Sadia ...
09/13/2023 00:29:42 **** Importing SessionConfig: default_session_config ...
    <Warning> :  The Error Log DB Connection value should have Relational: as the prefix.
    <Warning> :  Invalid value  for attribute Error Log DB Connection. Will use the default value 
    Validating Source Definition  Cars...
    Validating Target Definition  minCarPrice_Sadia...
09/13/2023 00:29:42 **** Importing Mapping: Mapping0 ...
    <Warning> :  transformation: Source - Invalid value  for attribute Output is repeatable. Will use the default value Never    [transformation< Source > ] 
Validating transformations of mapping Mapping0...
Validating mapping variable(s).
09/13/2023 00:29:42 **** Importing Workflow: wf_mtt_0129I30Z000000000004 ...
    <Warning> :  Invalid value None for attribute Pushdown Optimization Context. Will use the default value None     [Session< s_mtt_0129I30Z000000000004 > ] 
    <Warning> :  The value entered is not a valid integer.
    <Warning> :  Invalid value NO for attribute Fail task after wait time. Will use the default value 
Successfully extracted session instance [s_mtt_0129I30Z000000000004].  Starting repository sequence id is [-195004734]
DIRECTOR> VAR_27085 [2023-09-13 00:29:42.470] Parameter file [/data2/home/cldagnt/SystemAgent/apps/Data_Integration_Server/data/0129I30E0000000000BA/0129I3/parameters/s_mtt_0129I30Z000000000004.param] is opened for [session [wf_mtt_0129I30Z000000000004.s_mtt_0129I30Z000000000004]].
DIRECTOR> VAR_27062 [2023-09-13 00:29:42.470] Warning! Cannot find section for worklet [wf_mtt_0129I30Z000000000004] and folder [] in parameter file [/data2/home/cldagnt/SystemAgent/apps/Data_Integration_Server/data/0129I30E0000000000BA/0129I3/parameters/s_mtt_0129I30Z000000000004.param].
DIRECTOR> TM_6014 [2023-09-13 00:29:42.470] Initializing session [s_mtt_0129I30Z000000000004] at [Wed Sep 13 00:29:42 2023].
DIRECTOR> TM_6683 [2023-09-13 00:29:42.470] Repository Name: [XMLRepository]
DIRECTOR> TM_6684 [2023-09-13 00:29:42.470] Server Name: [rDTM]
DIRECTOR> TM_6686 [2023-09-13 00:29:42.470] Folder: []
DIRECTOR> TM_6685 [2023-09-13 00:29:42.470] Workflow: [wf_mtt_0129I30Z000000000004] Run Instance Name: [] Run Id: [0]
DIRECTOR> TM_6992 [2023-09-13 00:29:42.470] Operating System Type [Linux]
DIRECTOR> TM_6101 [2023-09-13 00:29:42.470] Mapping name: Mapping0.
DIRECTOR> TM_6964 [2023-09-13 00:29:42.471] Date format for the Session is [MM/DD/YYYY HH24:MI:SS.US]
DIRECTOR> TM_6703 [2023-09-13 00:29:42.471] Session [s_mtt_0129I30Z000000000004] is run by 64-bit Integration Service  [], version [10.2.0 HotFix2], build [0320].
MANAGER> PETL_24091 [2023-09-13 00:29:42.482] Thread [MANAGER] has the ID [1].
MANAGER> PETL_24058 [2023-09-13 00:29:42.482] Running Partition Group [1].
MANAGER> PETL_24000 [2023-09-13 00:29:42.482] Parallel Pipeline Engine initializing.
MONITOR> PETL_24091 [2023-09-13 00:29:42.482] Thread [MONITOR] has the ID [2].
MANAGER> PETL_24001 [2023-09-13 00:29:42.482] Parallel Pipeline Engine running.
MANAGER> PETL_24003 [2023-09-13 00:29:42.482] Initializing session run.
MAPPING> PETL_24091 [2023-09-13 00:29:42.482] Thread [MAPPING] has the ID [3].
MAPPING> CMN_1569 [2023-09-13 00:29:42.484] Server Mode: [UNICODE]
MAPPING> CMN_1570 [2023-09-13 00:29:42.484] Server Code page: [ISO 8859-1 Western European]
MAPPING> TM_6151 [2023-09-13 00:29:42.484] The session sort order is [Binary].
MAPPING> TM_6185 [2023-09-13 00:29:42.484] Warning. Code page validation is disabled in this session.
MAPPING> CMN_65110 [2023-09-13 00:29:42.484] Current Timezone:[UTC -5:0]
MAPPING> CMN_65111 [2023-09-13 00:29:42.484] Current Process ID:[8174]
MAPPING> TM_6155 [2023-09-13 00:29:42.484] Using HIGH precision processing.
MAPPING> TM_6180 [2023-09-13 00:29:42.484] Deadlock retry logic will not be implemented.
MAPPING> TM_6187 [2023-09-13 00:29:42.484] Session target-based commit interval is [10000].
MAPPING> TM_6307 [2023-09-13 00:29:42.485] DTM error log disabled. 
MAPPING> TE_7022 [2023-09-13 00:29:42.485] TShmWriter: Initialized
MAPPING> DBG_21694 [2023-09-13 00:29:42.486] Aggregator Partition [0]: Index cache size = [1000000], Data cache size = [2000000]
MAPPING> TE_7212 [2023-09-13 00:29:42.486] Increasing [Index Cache] size for transformation [Aggregator] from [1000000] to [3586048].
MAPPING> TE_7212 [2023-09-13 00:29:42.486] Increasing [Data Cache] size for transformation [Aggregator] from [2000000] to [2097216].
MAPPING> TE_7029 [2023-09-13 00:29:42.486] Aggregate Information: Creating New Index and Data Files
MAPPING> TE_7034 [2023-09-13 00:29:42.487] Aggregate Information: Index file is [/data2/home/cldagnt/SystemAgent/apps/Data_Integration_Server/data/0129I30E0000000000BA/0129I3/cache/PMAGG-195004711_4_0.idx]
MAPPING> TE_7035 [2023-09-13 00:29:42.487] Aggregate Information: Data file is [/data2/home/cldagnt/SystemAgent/apps/Data_Integration_Server/data/0129I30E0000000000BA/0129I3/cache/PMAGG-195004711_4_0.dat]
MAPPING> TM_6007 [2023-09-13 00:29:42.487] DTM initialized successfully for session [s_mtt_0129I30Z000000000004]
DIRECTOR> PETL_24033 [2023-09-13 00:29:42.502] All DTM Connection Info: [<NONE>].
MANAGER> PETL_24004 [2023-09-13 00:29:42.503] Starting pre-session tasks. : (Wed Sep 13 00:29:42 2023)
PRE-SESS> PETL_24091 [2023-09-13 00:29:42.503] Thread [PRE-SESS] has the ID [4].
PRE-SESS> DBG_21349 [2023-09-13 00:29:42.504] No load constraints for Target [minCarPrice_Sadia]. It does not reference any primary table from the same active source or transaction generator.
PRE-SESS> DBG_21104 [2023-09-13 00:29:42.504] Determining truncate order for [minCarPrice_Sadia] [instance id:2]
PRE-SESS> DBG_21531 [2023-09-13 00:29:42.504]     Truncate order for [minCarPrice_Sadia] [instance id:2] determined successfully
PRE-SESS> CMN_1021 [2023-09-13 00:29:50.129] Database driver event...
CMN_1021 [ODBC Event Using array fetches.
ODBC Event Using Single Row Inserts. connect string = [Driver=MySQL ODBC 8.0 Unicode Driver;Server=db4free.net;Database=fstm4db;Port=3306;USER=fstm4db;NO_SSPS=1;stmt=set time_zone = '+00:00';OPTION=3;SSLMODE=DISABLED]. userid = [fstm4db]
ODBC Version:	03.52
.
DBMS Name:	MySQL
.
DBMS Version:	8.1.0
.
Driver Name:	libmyodbc8w.so
.
Driver Version:	08.00.0012
.
Driver ODBC Version:	03.80
.
MySQL rewrite batch optimization is disabled with maximum bind parameter size set to 2500.]

PRE-SESS> WRT_8365 [2023-09-13 00:29:50.129] Starting truncate for target table [fstm4db.minCarPrice_Sadia]. : (Wed Sep 13 00:29:50 2023)
PRE-SESS> WRT_8451 [2023-09-13 00:29:50.129] Query used for Truncate table [TRUNCATE TABLE fstm4db.minCarPrice_Sadia]
PRE-SESS> WRT_8022 [2023-09-13 00:29:54.147] Truncate table for table [fstm4db.minCarPrice_Sadia] succeeded. : (Wed Sep 13 00:29:54 2023)
MANAGER> PETL_24027 [2023-09-13 00:29:54.437] Pre-session task completed successfully. : (Wed Sep 13 00:29:54 2023)
DIRECTOR> PETL_24006 [2023-09-13 00:29:54.437] Starting data movement.
MAPPING> TM_6660 [2023-09-13 00:29:54.438] Total Buffer Pool size is 2043040 bytes and Block size is 111280 bytes.
READER_1_1_1> PETL_24091 [2023-09-13 00:29:54.438] Thread [READER_1_1_1] has the ID [5].
READER_1_1_1> DBG_21438 [2023-09-13 00:29:54.439] Reader: Source is [odbc://dbtype=MySQL;host=db4free.net;port=3306;database=fstm4db], Type [ODBC], User [fstm4db]
READER_1_1_1> BLKR_16051 [2023-09-13 00:29:54.439] Source database connection [Conn_0129I30B000000000003] code page: [MS Windows Latin 1 (ANSI), superset of Latin1]
READER_1_1_1> CMN_1021 [2023-09-13 00:29:54.439] Database driver event...
CMN_1021 [Driver Manager used is [UnixODBC 2.3.4].]

READER_1_1_1> CMN_1021 [2023-09-13 00:29:58.140] Database driver event...
CMN_1021 [ODBC Event Using array fetches.
ODBC Event Using Single Row Inserts. connect string = [Driver=MySQL ODBC 8.0 Unicode Driver;Server=db4free.net;Database=fstm4db;Port=3306;USER=fstm4db;NO_SSPS=1;stmt=set time_zone = '+00:00';OPTION=3;SSLMODE=DISABLED]. userid = [fstm4db]
ODBC Version:	03.52
.
DBMS Name:	MySQL
.
DBMS Version:	8.1.0
.
Driver Name:	libmyodbc8w.so
.
Driver Version:	08.00.0012
.
Driver ODBC Version:	03.80
.
MySQL rewrite batch optimization is disabled with maximum bind parameter size set to 2500.]

READER_1_1_1> BLKR_16003 [2023-09-13 00:29:58.141] Initialization completed successfully.
TRANSF_1_1_1> PETL_24091 [2023-09-13 00:29:58.142] Thread [TRANSF_1_1_1] has the ID [6].
WRITER_1_*_1> PETL_24091 [2023-09-13 00:29:58.142] Thread [WRITER_1_*_1] has the ID [7].
WRITER_1_*_1> WRT_8147 [2023-09-13 00:29:58.142] Writer: Target is Database [odbc://dbtype=MySQL;host=db4free.net;port=3306;database=fstm4db], Type [ODBC], User [fstm4db], Bulk Mode [OFF]
WRITER_1_*_1> CMN_1021 [2023-09-13 00:29:58.143] Database driver event...
CMN_1021 [Driver Manager used is [UnixODBC 2.3.4].]

WRITER_1_*_1> CMN_1021 [2023-09-13 00:30:01.756] Database driver event...
CMN_1021 [ODBC Event Using array fetches.
ODBC Event Using Single Row Inserts. connect string = [Driver=MySQL ODBC 8.0 Unicode Driver;Server=db4free.net;Database=fstm4db;Port=3306;USER=fstm4db;NO_SSPS=1;stmt=set time_zone = '+00:00';OPTION=3;SSLMODE=DISABLED]. userid = [fstm4db]
ODBC Version:	03.52
.
DBMS Name:	MySQL
.
DBMS Version:	8.1.0
.
Driver Name:	libmyodbc8w.so
.
Driver Version:	08.00.0012
.
Driver ODBC Version:	03.80
.
MySQL rewrite batch optimization is disabled with maximum bind parameter size set to 2500.]

WRITER_1_*_1> WRT_8221 [2023-09-13 00:30:02.344] Target database connection [Conn_0129I30B000000000003] code page: [MS Windows Latin 1 (ANSI), superset of Latin1]
WRITER_1_*_1> WRT_8124 [2023-09-13 00:30:02.345] Target Table minCarPrice_Sadia :SQL INSERT statement:
INSERT INTO fstm4db.minCarPrice_Sadia(Car_Name,Car_Price,min_price)  VALUES ( ?, ?, ?) 
WRITER_1_*_1> WRT_8020 [2023-09-13 00:30:02.345] No column marked as primary key for table [minCarPrice_Sadia]. UPDATEs Not Supported.
WRITER_1_*_1> WRT_8270 [2023-09-13 00:30:02.346] Target connection group #1 consists of target(s) [minCarPrice_Sadia]
WRITER_1_*_1> WRT_8003 [2023-09-13 00:30:02.346] Writer initialization complete.
WRITER_1_*_1> WRT_8005 [2023-09-13 00:30:02.346] Writer run started.
WRITER_1_*_1> WRT_8158 [2023-09-13 00:30:02.346] 

*****START LOAD SESSION*****

Load Start Time: Wed Sep 13 00:30:02 2023

Target tables:

     minCarPrice_Sadia


READER_1_1_1> BLKR_16007 [2023-09-13 00:30:02.346] Reader run started.
READER_1_1_1> RR_4010 [2023-09-13 00:30:02.346] SQ instance [Source] SQL Query [SELECT fstm4db.Cars.Car_Name, fstm4db.Cars.Car_Price FROM fstm4db.Cars]
READER_1_1_1> RR_4049 [2023-09-13 00:30:02.346] SQL Query issued to database : (Wed Sep 13 00:30:02 2023)
READER_1_1_1> RR_4050 [2023-09-13 00:30:03.562] First row returned from database to reader : (Wed Sep 13 00:30:03 2023)
READER_1_1_1> BLKR_16019 [2023-09-13 00:30:03.562] Read [100] rows, read [0] error rows for source table [Cars] instance name [Cars]
READER_1_1_1> BLKR_16008 [2023-09-13 00:30:03.562] Reader run completed.
TRANSF_1_1_1> TE_7032 [2023-09-13 00:30:03.566] The B-Tree being managed in files
/data2/home/cldagnt/SystemAgent/apps/Data_Integration_Server/data/0129I30E0000000000BA/0129I3/cache/PMAGG-195004711_4_0.dat for Data and

/data2/home/cldagnt/SystemAgent/apps/Data_Integration_Server/data/0129I30E0000000000BA/0129I3/cache/PMAGG-195004711_4_0.idx for Index has:
	Index Size:	515
	Row Size:	40
	Order:		100
	Minimum Order:	50
	Height:		1
	Entries:	20
	IndexPageSize:	52736
	IndexPages:	68
	DataPageSize:	528
	DataPages:	3972

TRANSF_1_1_1> DBG_21216 [2023-09-13 00:30:03.566] Finished transformations for Source Qualifier [Source]. Total errors [0] 
WRITER_1_*_1> WRT_8167 [2023-09-13 00:30:03.566] Start loading table [minCarPrice_Sadia] at: Wed Sep 13 00:30:03 2023
WRITER_1_*_1> WRT_8168 [2023-09-13 00:30:10.320] End loading table [minCarPrice_Sadia] at: Wed Sep 13 00:30:10 2023
WRITER_1_*_1> WRT_8141 [2023-09-13 00:30:10.704] 
Commit on end-of-data  Wed Sep 13 00:30:10 2023
===================================================

WRT_8036 Target: minCarPrice_Sadia (Instance Name: [minCarPrice_Sadia])
WRT_8038 Inserted rows - Requested: 20         Applied: 20         Rejected: 0          Affected: 20        

WRITER_1_*_1> WRT_8035 [2023-09-13 00:30:10.704] Load complete time: Wed Sep 13 00:30:10 2023

LOAD SUMMARY
============

WRT_8036 Target: minCarPrice_Sadia (Instance Name: [minCarPrice_Sadia])
WRT_8038 Inserted rows - Requested: 20         Applied: 20         Rejected: 0          Affected: 20        


WRITER_1_*_1> WRT_8043 [2023-09-13 00:30:10.704] *****END LOAD SESSION*****
WRITER_1_*_1> WRT_8006 [2023-09-13 00:30:11.001] Writer run completed.
MANAGER> PETL_24031 [2023-09-13 00:30:11.001] 
***** RUN INFO FOR TGT LOAD ORDER GROUP [1], CONCURRENT SET [1] *****
Thread [READER_1_1_1] created for [the read stage] of partition point [Source] has completed.
	Total Run Time = [1.511395] secs
	Total Idle Time = [0.000000] secs
	Busy Percentage = [100.000000]
Thread [TRANSF_1_1_1] created for [the transformation stage] of partition point [Source] has completed. The total run time was insufficient for any meaningful statistics.
Thread [WRITER_1_*_1] created for [the write stage] of partition point [minCarPrice_Sadia] has completed.
	Total Run Time = [7.434183] secs
	Total Idle Time = [0.000000] secs
	Busy Percentage = [100.000000]

MAPPING> CMN_1791 [2023-09-13 00:30:11.001] The index cache size that would hold [20] aggregate groups of input rows for [Aggregator], in memory, is [52736] bytes
MAPPING> CMN_1790 [2023-09-13 00:30:11.001] The data cache size that would hold [20] aggregate groups of input rows for [Aggregator], in memory, is [1056] bytes
MANAGER> PETL_24005 [2023-09-13 00:30:11.002] Starting post-session tasks. : (Wed Sep 13 00:30:11 2023)
POST-SESS> PETL_24091 [2023-09-13 00:30:11.002] Thread [POST-SESS] has the ID [8].
MANAGER> PETL_24029 [2023-09-13 00:30:11.002] Post-session task completed successfully. : (Wed Sep 13 00:30:11 2023)
MAPPING> TM_6018 [2023-09-13 00:30:11.002] The session completed with [0] row transformation errors. 
MANAGER> TE_7216 [2023-09-13 00:30:11.003] Deleting cache files [/data2/home/cldagnt/SystemAgent/apps/Data_Integration_Server/data/0129I30E0000000000BA/0129I3/cache/PMAGG-195004711_4_0.idx] for transformation [Aggregator].
MANAGER> TE_7216 [2023-09-13 00:30:11.003] Deleting cache files [/data2/home/cldagnt/SystemAgent/apps/Data_Integration_Server/data/0129I30E0000000000BA/0129I3/cache/PMAGG-195004711_4_0.dat] for transformation [Aggregator].
MANAGER> PETL_24002 [2023-09-13 00:30:11.183] Parallel Pipeline Engine finished.
DIRECTOR> PETL_24012 [2023-09-13 00:30:11.183] Session run completed successfully.
DIRECTOR> TM_6022 [2023-09-13 00:30:11.184] 

SESSION LOAD SUMMARY
================================================

DIRECTOR> TM_6252 [2023-09-13 00:30:11.184] Source Load Summary.
DIRECTOR> CMN_1740 [2023-09-13 00:30:11.184] Table: [Source] (Instance Name: [Source] Instance UI Name: [Source])
	 Output Rows [100], Affected Rows [100], Applied Rows [100], Rejected Rows [0]
DIRECTOR> TM_6253 [2023-09-13 00:30:11.184] Target Load Summary.
DIRECTOR> CMN_1740 [2023-09-13 00:30:11.184] Table: [minCarPrice_Sadia] (Instance Name: [minCarPrice_Sadia] Instance UI Name: [Target])
	 Output Rows [20], Affected Rows [20], Applied Rows [20], Rejected Rows [0]
DIRECTOR> TM_6023 [2023-09-13 00:30:11.184] 
===================================================

DIRECTOR> TM_6020 [2023-09-13 00:30:11.184] Session [s_mtt_0129I30Z000000000004] completed at [Wed Sep 13 00:30:11 2023].
